File Name                         Time
../fsdb/coremark_sram_000.fsdb    0 to 9,408,640,000
../fsdb/coremark_sram_001.fsdb    9,408,640,000 to 18,725,810,000
../fsdb/coremark_sram_002.fsdb    18,725,810,000 to 27,559,180,000
../fsdb/coremark_sram_003.fsdb    27,559,180,000 to 36,676,210,000
../fsdb/coremark_sram_004.fsdb    36,676,210,000 to 45,997,500,000
../fsdb/coremark_sram_005.fsdb    45,997,500,000 to 54,633,010,000
../fsdb/coremark_sram_006.fsdb    54,633,010,000 to 63,952,850,000
../fsdb/coremark_sram_007.fsdb    63,952,850,000 to 72,958,800,000
../fsdb/coremark_sram_008.fsdb    72,958,800,000 to 81,912,370,000
../fsdb/coremark_sram_009.fsdb    81,912,370,000 to 91,372,940,000
../fsdb/coremark_sram_010.fsdb    91,372,940,000 to 100,203,840,000
../fsdb/coremark_sram_011.fsdb    100,203,840,000 to 109,320,920,000
../fsdb/coremark_sram_012.fsdb    109,320,920,000 to 118,641,350,000
../fsdb/coremark_sram_013.fsdb    118,641,350,000 to 127,277,760,000
../fsdb/coremark_sram_014.fsdb    127,277,760,000 to 136,597,470,000
../fsdb/coremark_sram_015.fsdb    136,597,470,000 to 145,603,250,000
../fsdb/coremark_sram_016.fsdb    145,603,250,000 to 154,556,500,000
../fsdb/coremark_sram_017.fsdb    154,556,500,000 to 163,876,140,000
../fsdb/coremark_sram_018.fsdb    163,876,140,000 to 172,544,000,000
../fsdb/coremark_sram_019.fsdb    172,544,000,000 to 181,823,750,000
../fsdb/coremark_sram_020.fsdb    181,823,750,000 to 191,142,750,000
../fsdb/coremark_sram_021.fsdb    191,142,750,000 to 199,786,430,000
../fsdb/coremark_sram_022.fsdb    199,786,430,000 to 209,100,430,000
../fsdb/coremark_sram_023.fsdb    209,100,430,000 to 218,094,490,000
../fsdb/coremark_sram_024.fsdb    218,094,490,000 to 227,049,530,000
../fsdb/coremark_sram_025.fsdb    227,049,530,000 to 236,371,460,000
../fsdb/coremark_sram_026.fsdb    236,371,460,000 to 245,026,130,000
../fsdb/coremark_sram_027.fsdb    245,026,130,000 to 254,325,970,000
../fsdb/coremark_sram_028.fsdb    254,325,970,000 to 263,639,400,000
../fsdb/coremark_sram_029.fsdb    263,639,400,000 to 272,285,800,000
../fsdb/coremark_sram_030.fsdb    272,285,800,000 to 281,601,920,000
../fsdb/coremark_sram_031.fsdb    281,601,920,000 to 290,280,520,000
../fsdb/coremark_sram_032.fsdb    290,280,520,000 to 299,550,350,000
../fsdb/coremark_sram_033.fsdb    299,550,350,000 to 308,868,390,000
../fsdb/coremark_sram_034.fsdb    308,868,390,000 to 317,504,910,000
../fsdb/coremark_sram_035.fsdb    317,504,910,000 to 326,821,920,000
../fsdb/coremark_sram_036.fsdb    326,821,920,000 to 335,829,320,000
../fsdb/coremark_sram_037.fsdb    335,829,320,000 to 344,783,090,000
../fsdb/coremark_sram_038.fsdb    344,783,090,000 to 346,347,295,000
