File Name                        Time
../fsdb/coremark_tcm_000.fsdb    0 to 9,745,710,000
../fsdb/coremark_tcm_001.fsdb    9,745,710,000 to 19,404,160,000
../fsdb/coremark_tcm_002.fsdb    19,404,160,000 to 29,088,590,000
../fsdb/coremark_tcm_003.fsdb    29,088,590,000 to 38,414,410,000
../fsdb/coremark_tcm_004.fsdb    38,414,410,000 to 47,518,050,000
../fsdb/coremark_tcm_005.fsdb    47,518,050,000 to 57,186,410,000
../fsdb/coremark_tcm_006.fsdb    57,186,410,000 to 66,708,650,000
../fsdb/coremark_tcm_007.fsdb    66,708,650,000 to 75,662,250,000
../fsdb/coremark_tcm_008.fsdb    75,662,250,000 to 85,290,560,000
../fsdb/coremark_tcm_009.fsdb    85,290,560,000 to 94,966,140,000
../fsdb/coremark_tcm_010.fsdb    94,966,140,000 to 104,633,790,000
../fsdb/coremark_tcm_011.fsdb    104,633,790,000 to 113,561,590,000
../fsdb/coremark_tcm_012.fsdb    113,561,590,000 to 123,214,640,000
../fsdb/coremark_tcm_013.fsdb    123,214,640,000 to 132,896,900,000
../fsdb/coremark_tcm_014.fsdb    132,896,900,000 to 142,223,570,000
../fsdb/coremark_tcm_015.fsdb    142,223,570,000 to 151,325,220,000
../fsdb/coremark_tcm_016.fsdb    151,325,220,000 to 160,993,460,000
../fsdb/coremark_tcm_017.fsdb    160,993,460,000 to 170,518,270,000
../fsdb/coremark_tcm_018.fsdb    170,518,270,000 to 173,412,475,000
